{
  "RSpec": {
    "coverage": {
      "/home/yzq2014/Steam.rb/app/models/user.rb": {
        "lines": [
          1,
          null,
          null,
          1,
          null,
          null,
          1,
          1,
          null
        ]
      },
      "/home/yzq2014/Steam.rb/app/models/application_record.rb": {
        "lines": [
          1,
          1,
          null
        ]
      },
      "/home/yzq2014/Steam.rb/app/helpers/application_helper.rb": {
        "lines": [
          1,
          null
        ]
      },
      "/home/yzq2014/Steam.rb/app/helpers/games_helper.rb": {
        "lines": [
          1,
          null
        ]
      },
      "/home/yzq2014/Steam.rb/app/models/game.rb": {
        "lines": [
          1,
          1,
          1,
          1,
          null,
          null,
          null
        ]
      },
      "/home/yzq2014/Steam.rb/app/controllers/application_controller.rb": {
        "lines": [
          0,
          0
        ],
        "branches": {
        }
      },
      "/home/yzq2014/Steam.rb/app/controllers/games_controller.rb": {
        "lines": [
          0,
          0,
          0,
          0,
          null,
          0,
          0,
          0,
          0,
          0,
          0,
          0,
          0,
          0,
          null,
          0,
          0,
          0,
          null,
          0,
          0,
          0,
          null,
          0,
          0,
          0,
          null,
          0,
          0,
          0,
          0,
          0,
          0,
          0,
          0,
          0,
          null,
          0,
          0,
          0,
          0,
          0,
          0
        ],
        "branches": {
        }
      },
      "/home/yzq2014/Steam.rb/app/models/music.rb": {
        "lines": [
          0,
          0
        ],
        "branches": {
        }
      }
    },
    "timestamp": 1632953095
  }
}
